# JRE version: Java(TM) SE Runtime Environment (8.0_51-b16) (build 1.8.0_51-b16)
# Java VM: Java HotSpot(TM) 64-Bit Server VM (25.51-b03 mixed mode windows-amd64 compressed oops)
Heap:
 PSYoungGen      total 1203712K, used 332805K [0x000000076ab00000, 0x00000007bf800000, 0x00000007c0000000)
  eden space 1022976K, 20% used [0x000000076ab00000,0x0000000777bcd4d8,0x00000007a9200000)
  from space 180736K, 65% used [0x00000007a9200000,0x00000007b0633f60,0x00000007b4280000)
  to   space 174592K, 0% used [0x00000007b4d80000,0x00000007b4d80000,0x00000007bf800000)
 ParOldGen       total 913408K, used 670456K [0x00000006c0000000, 0x00000006f7c00000, 0x000000076ab00000)
  object space 913408K, 73% used [0x00000006c0000000,0x00000006e8ebe0e8,0x00000006f7c00000)
 Metaspace       used 138092K, capacity 153704K, committed 153792K, reserved 1179648K
  class space    used 20056K, capacity 23727K, committed 23768K, reserved 1048576K
GC Heap History (10 events):
Event: 245.480 GC heap before
{Heap before GC invocations=98 (full 5):
 PSYoungGen      total 1175040K, used 1104581K [0x000000076ab00000, 0x00000007bef00000, 0x00000007c0000000)
  eden space 979968K, 100% used [0x000000076ab00000,0x00000007a6800000,0x00000007a6800000)
  from space 195072K, 63% used [0x00000007b3080000,0x00000007baa315c0,0x00000007bef00000)
  to   space 200192K, 0% used [0x00000007a6800000,0x00000007a6800000,0x00000007b2b80000)
 ParOldGen       total 913408K, used 670440K [0x00000006c0000000, 0x00000006f7c00000, 0x000000076ab00000)
  object space 913408K, 73% used [0x00000006c0000000,0x00000006e8eba0e8,0x00000006f7c00000)
 Metaspace       used 136486K, capacity 151634K, committed 151744K, reserved 1177600K
  class space    used 19846K, capacity 23470K, committed 23512K, reserved 1048576K
Event: 245.504 GC heap after
Heap after GC invocations=98 (full 5):
 PSYoungGen      total 1180160K, used 124501K [0x000000076ab00000, 0x00000007bfb00000, 0x00000007c0000000)
  eden space 979968K, 0% used [0x000000076ab00000,0x000000076ab00000,0x00000007a6800000)
  from space 200192K, 62% used [0x00000007a6800000,0x00000007ae195580,0x00000007b2b80000)
  to   space 195072K, 0% used [0x00000007b3c80000,0x00000007b3c80000,0x00000007bfb00000)
 ParOldGen       total 913408K, used 670448K [0x00000006c0000000, 0x00000006f7c00000, 0x000000076ab00000)
  object space 913408K, 73% used [0x00000006c0000000,0x00000006e8ebc0e8,0x00000006f7c00000)
 Metaspace       used 136486K, capacity 151634K, committed 151744K, reserved 1177600K
  class space    used 19846K, capacity 23470K, committed 23512K, reserved 1048576K
}
Event: 245.863 GC heap before
{Heap before GC invocations=99 (full 5):
 PSYoungGen      total 1180160K, used 1104469K [0x000000076ab00000, 0x00000007bfb00000, 0x00000007c0000000)
  eden space 979968K, 100% used [0x000000076ab00000,0x00000007a6800000,0x00000007a6800000)
  from space 200192K, 62% used [0x00000007a6800000,0x00000007ae195580,0x00000007b2b80000)
  to   space 195072K, 0% used [0x00000007b3c80000,0x00000007b3c80000,0x00000007bfb00000)
 ParOldGen       total 913408K, used 670448K [0x00000006c0000000, 0x00000006f7c00000, 0x000000076ab00000)
  object space 913408K, 73% used [0x00000006c0000000,0x00000006e8ebc0e8,0x00000006f7c00000)
 Metaspace       used 136486K, capacity 151634K, committed 151744K, reserved 1177600K
  class space    used 19846K, capacity 23470K, committed 23512K, reserved 1048576K
Event: 245.887 GC heap after
Heap after GC invocations=99 (full 5):
 PSYoungGen      total 1187328K, used 124565K [0x000000076ab00000, 0x00000007bf100000, 0x00000007c0000000)
  eden space 1002496K, 0% used [0x000000076ab00000,0x000000076ab00000,0x00000007a7e00000)
  from space 184832K, 67% used [0x00000007b3c80000,0x00000007bb6255a0,0x00000007bf100000)
  to   space 189952K, 0% used [0x00000007a7e00000,0x00000007a7e00000,0x00000007b3780000)
 ParOldGen       total 913408K, used 670448K [0x00000006c0000000, 0x00000006f7c00000, 0x000000076ab00000)
  object space 913408K, 73% used [0x00000006c0000000,0x00000006e8ebc0e8,0x00000006f7c00000)
 Metaspace       used 136486K, capacity 151634K, committed 151744K, reserved 1177600K
  class space    used 19846K, capacity 23470K, committed 23512K, reserved 1048576K
}
Event: 246.253 GC heap before
{Heap before GC invocations=100 (full 5):
 PSYoungGen      total 1187328K, used 1127061K [0x000000076ab00000, 0x00000007bf100000, 0x00000007c0000000)
  eden space 1002496K, 100% used [0x000000076ab00000,0x00000007a7e00000,0x00000007a7e00000)
  from space 184832K, 67% used [0x00000007b3c80000,0x00000007bb6255a0,0x00000007bf100000)
  to   space 189952K, 0% used [0x00000007a7e00000,0x00000007a7e00000,0x00000007b3780000)
 ParOldGen       total 913408K, used 670448K [0x00000006c0000000, 0x00000006f7c00000, 0x000000076ab00000)
  object space 913408K, 73% used [0x00000006c0000000,0x00000006e8ebc0e8,0x00000006f7c00000)
 Metaspace       used 136491K, capacity 151634K, committed 151744K, reserved 1177600K
  class space    used 19846K, capacity 23470K, committed 23512K, reserved 1048576K
Event: 246.278 GC heap after
Heap after GC invocations=100 (full 5):
 PSYoungGen      total 1192448K, used 124660K [0x000000076ab00000, 0x00000007bfb00000, 0x00000007c0000000)
  eden space 1002496K, 0% used [0x000000076ab00000,0x000000076ab00000,0x00000007a7e00000)
  from space 189952K, 65% used [0x00000007a7e00000,0x00000007af7bd368,0x00000007b3780000)
  to   space 184832K, 0% used [0x00000007b4680000,0x00000007b4680000,0x00000007bfb00000)
 ParOldGen       total 913408K, used 670448K [0x00000006c0000000, 0x00000006f7c00000, 0x000000076ab00000)
  object space 913408K, 73% used [0x00000006c0000000,0x00000006e8ebc0e8,0x00000006f7c00000)
 Metaspace       used 136491K, capacity 151634K, committed 151744K, reserved 1177600K
  class space    used 19846K, capacity 23470K, committed 23512K, reserved 1048576K
}
Event: 246.638 GC heap before
{Heap before GC invocations=101 (full 5):
 PSYoungGen      total 1192448K, used 1127156K [0x000000076ab00000, 0x00000007bfb00000, 0x00000007c0000000)
  eden space 1002496K, 100% used [0x000000076ab00000,0x00000007a7e00000,0x00000007a7e00000)
  from space 189952K, 65% used [0x00000007a7e00000,0x00000007af7bd368,0x00000007b3780000)
  to   space 184832K, 0% used [0x00000007b4680000,0x00000007b4680000,0x00000007bfb00000)
 ParOldGen       total 913408K, used 670448K [0x00000006c0000000, 0x00000006f7c00000, 0x000000076ab00000)
  object space 913408K, 73% used [0x00000006c0000000,0x00000006e8ebc0e8,0x00000006f7c00000)
 Metaspace       used 136491K, capacity 151634K, committed 151744K, reserved 1177600K
  class space    used 19846K, capacity 23470K, committed 23512K, reserved 1048576K
Event: 246.665 GC heap after
Heap after GC invocations=101 (full 5):
 PSYoungGen      total 1199616K, used 124613K [0x000000076ab00000, 0x00000007bf300000, 0x00000007c0000000)
  eden space 1022976K, 0% used [0x000000076ab00000,0x000000076ab00000,0x00000007a9200000)
  from space 176640K, 70% used [0x00000007b4680000,0x00000007bc031700,0x00000007bf300000)
  to   space 180736K, 0% used [0x00000007a9200000,0x00000007a9200000,0x00000007b4280000)
 ParOldGen       total 913408K, used 670448K [0x00000006c0000000, 0x00000006f7c00000, 0x000000076ab00000)
  object space 913408K, 73% used [0x00000006c0000000,0x00000006e8ebc0e8,0x00000006f7c00000)
 Metaspace       used 136491K, capacity 151634K, committed 151744K, reserved 1177600K
  class space    used 19846K, capacity 23470K, committed 23512K, reserved 1048576K
}
Event: 247.165 GC heap before
{Heap before GC invocations=102 (full 5):
 PSYoungGen      total 1199616K, used 1147589K [0x000000076ab00000, 0x00000007bf300000, 0x00000007c0000000)
  eden space 1022976K, 100% used [0x000000076ab00000,0x00000007a9200000,0x00000007a9200000)
  from space 176640K, 70% used [0x00000007b4680000,0x00000007bc031700,0x00000007bf300000)
  to   space 180736K, 0% used [0x00000007a9200000,0x00000007a9200000,0x00000007b4280000)
 ParOldGen       total 913408K, used 670448K [0x00000006c0000000, 0x00000006f7c00000, 0x000000076ab00000)
  object space 913408K, 73% used [0x00000006c0000000,0x00000006e8ebc0e8,0x00000006f7c00000)
 Metaspace       used 136502K, capacity 151642K, committed 151744K, reserved 1177600K
  class space    used 19846K, capacity 23470K, committed 23512K, reserved 1048576K
Event: 247.190 GC heap after
Heap after GC invocations=102 (full 5):
 PSYoungGen      total 1203712K, used 118991K [0x000000076ab00000, 0x00000007bf800000, 0x00000007c0000000)
  eden space 1022976K, 0% used [0x000000076ab00000,0x000000076ab00000,0x00000007a9200000)
  from space 180736K, 65% used [0x00000007a9200000,0x00000007b0633f60,0x00000007b4280000)
  to   space 174592K, 0% used [0x00000007b4d80000,0x00000007b4d80000,0x00000007bf800000)
 ParOldGen       total 913408K, used 670456K [0x00000006c0000000, 0x00000006f7c00000, 0x000000076ab00000)
  object space 913408K, 73% used [0x00000006c0000000,0x00000006e8ebe0e8,0x00000006f7c00000)
 Metaspace       used 136502K, capacity 151642K, committed 151744K, reserved 1177600K
  class space    used 19846K, capacity 23470K, committed 23512K, reserved 1048576K
}

