# JRE version: OpenJDK Runtime Environment (8.0_242-b08) (build 1.8.0_242-b08)
# Java VM: OpenJDK 64-Bit Server VM (25.242-b08 mixed mode windows-amd64 compressed oops)
Heap:
 PSYoungGen      total 1095168K, used 601857K [0x000000076ab00000, 0x00000007c0000000, 0x00000007c0000000)
  eden space 786432K, 72% used [0x000000076ab00000,0x000000078db62a10,0x000000079ab00000)
  from space 308736K, 9% used [0x00000007ad280000,0x00000007aeddda38,0x00000007c0000000)
  to   space 302592K, 0% used [0x000000079ab00000,0x000000079ab00000,0x00000007ad280000)
 ParOldGen       total 1159168K, used 807386K [0x00000006c0000000, 0x0000000706c00000, 0x000000076ab00000)
  object space 1159168K, 69% used [0x00000006c0000000,0x00000006f1476b68,0x0000000706c00000)
 Metaspace       used 155622K, capacity 182098K, committed 182232K, reserved 1202176K
  class space    used 22028K, capacity 29382K, committed 29440K, reserved 1048576K
GC Heap History (10 events):
Event: 62.839 GC heap before
{Heap before GC invocations=102 (full 5):
 PSYoungGen      total 1060864K, used 927719K [0x000000076ab00000, 0x00000007be980000, 0x00000007c0000000)
  eden space 770560K, 100% used [0x000000076ab00000,0x0000000799b80000,0x0000000799b80000)
  from space 290304K, 54% used [0x00000007ace00000,0x00000007b6779cd0,0x00000007be980000)
  to   space 302080K, 0% used [0x0000000799b80000,0x0000000799b80000,0x00000007ac280000)
 ParOldGen       total 839168K, used 658861K [0x00000006c0000000, 0x00000006f3380000, 0x000000076ab00000)
  object space 839168K, 78% used [0x00000006c0000000,0x00000006e836b590,0x00000006f3380000)
 Metaspace       used 151187K, capacity 176412K, committed 176728K, reserved 1198080K
  class space    used 21546K, capacity 28703K, committed 28800K, reserved 1048576K
Event: 62.877 GC heap after
Heap after GC invocations=102 (full 5):
 PSYoungGen      total 1072640K, used 56085K [0x000000076ab00000, 0x00000007c0000000, 0x00000007c0000000)
  eden space 770560K, 0% used [0x000000076ab00000,0x000000076ab00000,0x0000000799b80000)
  from space 302080K, 18% used [0x0000000799b80000,0x000000079d2455f8,0x00000007ac280000)
  to   space 300544K, 0% used [0x00000007ada80000,0x00000007ada80000,0x00000007c0000000)
 ParOldGen       total 839168K, used 763868K [0x00000006c0000000, 0x00000006f3380000, 0x000000076ab00000)
  object space 839168K, 91% used [0x00000006c0000000,0x00000006ee9f7030,0x00000006f3380000)
 Metaspace       used 151187K, capacity 176412K, committed 176728K, reserved 1198080K
  class space    used 21546K, capacity 28703K, committed 28800K, reserved 1048576K
}
Event: 63.153 GC heap before
{Heap before GC invocations=103 (full 5):
 PSYoungGen      total 1072640K, used 826645K [0x000000076ab00000, 0x00000007c0000000, 0x00000007c0000000)
  eden space 770560K, 100% used [0x000000076ab00000,0x0000000799b80000,0x0000000799b80000)
  from space 302080K, 18% used [0x0000000799b80000,0x000000079d2455f8,0x00000007ac280000)
  to   space 300544K, 0% used [0x00000007ada80000,0x00000007ada80000,0x00000007c0000000)
 ParOldGen       total 839168K, used 763868K [0x00000006c0000000, 0x00000006f3380000, 0x000000076ab00000)
  object space 839168K, 91% used [0x00000006c0000000,0x00000006ee9f7030,0x00000006f3380000)
 Metaspace       used 151187K, capacity 176412K, committed 176728K, reserved 1198080K
  class space    used 21546K, capacity 28703K, committed 28800K, reserved 1048576K
Event: 63.172 GC heap after
Heap after GC invocations=103 (full 5):
 PSYoungGen      total 1084928K, used 320K [0x000000076ab00000, 0x00000007c0000000, 0x00000007c0000000)
  eden space 784384K, 0% used [0x000000076ab00000,0x000000076ab00000,0x000000079a900000)
  from space 300544K, 0% used [0x00000007ada80000,0x00000007adad0000,0x00000007c0000000)
  to   space 306688K, 0% used [0x000000079a900000,0x000000079a900000,0x00000007ad480000)
 ParOldGen       total 839168K, used 822117K [0x00000006c0000000, 0x00000006f3380000, 0x000000076ab00000)
  object space 839168K, 97% used [0x00000006c0000000,0x00000006f22d9668,0x00000006f3380000)
 Metaspace       used 151187K, capacity 176412K, committed 176728K, reserved 1198080K
  class space    used 21546K, capacity 28703K, committed 28800K, reserved 1048576K
}
Event: 63.172 GC heap before
{Heap before GC invocations=104 (full 6):
 PSYoungGen      total 1084928K, used 320K [0x000000076ab00000, 0x00000007c0000000, 0x00000007c0000000)
  eden space 784384K, 0% used [0x000000076ab00000,0x000000076ab00000,0x000000079a900000)
  from space 300544K, 0% used [0x00000007ada80000,0x00000007adad0000,0x00000007c0000000)
  to   space 306688K, 0% used [0x000000079a900000,0x000000079a900000,0x00000007ad480000)
 ParOldGen       total 839168K, used 822117K [0x00000006c0000000, 0x00000006f3380000, 0x000000076ab00000)
  object space 839168K, 97% used [0x00000006c0000000,0x00000006f22d9668,0x00000006f3380000)
 Metaspace       used 151187K, capacity 176412K, committed 176728K, reserved 1198080K
  class space    used 21546K, capacity 28703K, committed 28800K, reserved 1048576K
Event: 63.858 GC heap after
Heap after GC invocations=104 (full 6):
 PSYoungGen      total 1084928K, used 0K [0x000000076ab00000, 0x00000007c0000000, 0x00000007c0000000)
  eden space 784384K, 0% used [0x000000076ab00000,0x000000076ab00000,0x000000079a900000)
  from space 300544K, 0% used [0x00000007ada80000,0x00000007ada80000,0x00000007c0000000)
  to   space 306688K, 0% used [0x000000079a900000,0x000000079a900000,0x00000007ad480000)
 ParOldGen       total 1159168K, used 807378K [0x00000006c0000000, 0x0000000706c00000, 0x000000076ab00000)
  object space 1159168K, 69% used [0x00000006c0000000,0x00000006f1474b68,0x0000000706c00000)
 Metaspace       used 151187K, capacity 176412K, committed 176728K, reserved 1198080K
  class space    used 21546K, capacity 28703K, committed 28800K, reserved 1048576K
}
Event: 64.159 GC heap before
{Heap before GC invocations=105 (full 6):
 PSYoungGen      total 1084928K, used 784384K [0x000000076ab00000, 0x00000007c0000000, 0x00000007c0000000)
  eden space 784384K, 100% used [0x000000076ab00000,0x000000079a900000,0x000000079a900000)
  from space 300544K, 0% used [0x00000007ada80000,0x00000007ada80000,0x00000007c0000000)
  to   space 306688K, 0% used [0x000000079a900000,0x000000079a900000,0x00000007ad480000)
 ParOldGen       total 1159168K, used 807378K [0x00000006c0000000, 0x0000000706c00000, 0x000000076ab00000)
  object space 1159168K, 69% used [0x00000006c0000000,0x00000006f1474b68,0x0000000706c00000)
 Metaspace       used 151187K, capacity 176412K, committed 176728K, reserved 1198080K
  class space    used 21546K, capacity 28703K, committed 28800K, reserved 1048576K
Event: 64.164 GC heap after
Heap after GC invocations=105 (full 6):
 PSYoungGen      total 784896K, used 224K [0x000000076ab00000, 0x00000007c0000000, 0x00000007c0000000)
  eden space 784384K, 0% used [0x000000076ab00000,0x000000076ab00000,0x000000079a900000)
  from space 512K, 43% used [0x000000079a900000,0x000000079a938000,0x000000079a980000)
  to   space 308736K, 0% used [0x00000007ad280000,0x00000007ad280000,0x00000007c0000000)
 ParOldGen       total 1159168K, used 807378K [0x00000006c0000000, 0x0000000706c00000, 0x000000076ab00000)
  object space 1159168K, 69% used [0x00000006c0000000,0x00000006f1474b68,0x0000000706c00000)
 Metaspace       used 151187K, capacity 176412K, committed 176728K, reserved 1198080K
  class space    used 21546K, capacity 28703K, committed 28800K, reserved 1048576K
}
Event: 67.413 GC heap before
{Heap before GC invocations=106 (full 6):
 PSYoungGen      total 784896K, used 784608K [0x000000076ab00000, 0x00000007c0000000, 0x00000007c0000000)
  eden space 784384K, 100% used [0x000000076ab00000,0x000000079a900000,0x000000079a900000)
  from space 512K, 43% used [0x000000079a900000,0x000000079a938000,0x000000079a980000)
  to   space 308736K, 0% used [0x00000007ad280000,0x00000007ad280000,0x00000007c0000000)
 ParOldGen       total 1159168K, used 807378K [0x00000006c0000000, 0x0000000706c00000, 0x000000076ab00000)
  object space 1159168K, 69% used [0x00000006c0000000,0x00000006f1474b68,0x0000000706c00000)
 Metaspace       used 154749K, capacity 180816K, committed 181080K, reserved 1202176K
  class space    used 21960K, capacity 29247K, committed 29312K, reserved 1048576K
Event: 67.423 GC heap after
Heap after GC invocations=106 (full 6):
 PSYoungGen      total 1095168K, used 28022K [0x000000076ab00000, 0x00000007c0000000, 0x00000007c0000000)
  eden space 786432K, 0% used [0x000000076ab00000,0x000000076ab00000,0x000000079ab00000)
  from space 308736K, 9% used [0x00000007ad280000,0x00000007aeddda38,0x00000007c0000000)
  to   space 302592K, 0% used [0x000000079ab00000,0x000000079ab00000,0x00000007ad280000)
 ParOldGen       total 1159168K, used 807386K [0x00000006c0000000, 0x0000000706c00000, 0x000000076ab00000)
  object space 1159168K, 69% used [0x00000006c0000000,0x00000006f1476b68,0x0000000706c00000)
 Metaspace       used 154749K, capacity 180816K, committed 181080K, reserved 1202176K
  class space    used 21960K, capacity 29247K, committed 29312K, reserved 1048576K
}

