# JRE version: Java(TM) SE Runtime Environment (8.0_51-b16) (build 1.8.0_51-b16)
# Java VM: Java HotSpot(TM) 64-Bit Server VM (25.51-b03 mixed mode windows-amd64 compressed oops)
Heap:
 PSYoungGen      total 1073152K, used 60193K [0x000000076ab00000, 0x00000007c0000000, 0x00000007c0000000)
  eden space 1039360K, 2% used [0x000000076ab00000,0x000000076c4e33a0,0x00000007aa200000)
  from space 33792K, 99% used [0x00000007aa200000,0x00000007ac2e53f0,0x00000007ac300000)
  to   space 190464K, 0% used [0x00000007b4600000,0x00000007b4600000,0x00000007c0000000)
 ParOldGen       total 865280K, used 740883K [0x00000006c0000000, 0x00000006f4d00000, 0x000000076ab00000)
  object space 865280K, 85% used [0x00000006c0000000,0x00000006ed384e60,0x00000006f4d00000)
 Metaspace       used 139916K, capacity 155620K, committed 155840K, reserved 1181696K
  class space    used 19982K, capacity 23643K, committed 23744K, reserved 1048576K
GC Heap History (10 events):
Event: 74.307 GC heap before
{Heap before GC invocations=102 (full 5):
 PSYoungGen      total 1201152K, used 1163277K [0x000000076ab00000, 0x00000007bf180000, 0x00000007c0000000)
  eden space 1035776K, 100% used [0x000000076ab00000,0x00000007a9e80000,0x00000007a9e80000)
  from space 165376K, 77% used [0x00000007b5000000,0x00000007bcc83568,0x00000007bf180000)
  to   space 173568K, 0% used [0x00000007a9e80000,0x00000007a9e80000,0x00000007b4800000)
 ParOldGen       total 865280K, used 630759K [0x00000006c0000000, 0x00000006f4d00000, 0x000000076ab00000)
  object space 865280K, 72% used [0x00000006c0000000,0x00000006e67f9f10,0x00000006f4d00000)
 Metaspace       used 139370K, capacity 154866K, committed 154944K, reserved 1181696K
  class space    used 19949K, capacity 23570K, committed 23616K, reserved 1048576K
Event: 74.335 GC heap after
Heap after GC invocations=102 (full 5):
 PSYoungGen      total 1209344K, used 148744K [0x000000076ab00000, 0x00000007c0000000, 0x00000007c0000000)
  eden space 1035776K, 0% used [0x000000076ab00000,0x000000076ab00000,0x00000007a9e80000)
  from space 173568K, 85% used [0x00000007a9e80000,0x00000007b2fc2250,0x00000007b4800000)
  to   space 177152K, 0% used [0x00000007b5300000,0x00000007b5300000,0x00000007c0000000)
 ParOldGen       total 865280K, used 630781K [0x00000006c0000000, 0x00000006f4d00000, 0x000000076ab00000)
  object space 865280K, 72% used [0x00000006c0000000,0x00000006e67ff440,0x00000006f4d00000)
 Metaspace       used 139370K, capacity 154866K, committed 154944K, reserved 1181696K
  class space    used 19949K, capacity 23570K, committed 23616K, reserved 1048576K
}
Event: 78.114 GC heap before
{Heap before GC invocations=103 (full 5):
 PSYoungGen      total 1209344K, used 1184520K [0x000000076ab00000, 0x00000007c0000000, 0x00000007c0000000)
  eden space 1035776K, 100% used [0x000000076ab00000,0x00000007a9e80000,0x00000007a9e80000)
  from space 173568K, 85% used [0x00000007a9e80000,0x00000007b2fc2250,0x00000007b4800000)
  to   space 177152K, 0% used [0x00000007b5300000,0x00000007b5300000,0x00000007c0000000)
 ParOldGen       total 865280K, used 630781K [0x00000006c0000000, 0x00000006f4d00000, 0x000000076ab00000)
  object space 865280K, 72% used [0x00000006c0000000,0x00000006e67ff440,0x00000006f4d00000)
 Metaspace       used 139558K, capacity 155074K, committed 155200K, reserved 1181696K
  class space    used 19949K, capacity 23570K, committed 23616K, reserved 1048576K
Event: 78.141 GC heap after
Heap after GC invocations=103 (full 5):
 PSYoungGen      total 1217536K, used 147507K [0x000000076ab00000, 0x00000007c0000000, 0x00000007c0000000)
  eden space 1040384K, 0% used [0x000000076ab00000,0x000000076ab00000,0x00000007aa300000)
  from space 177152K, 83% used [0x00000007b5300000,0x00000007be30cf00,0x00000007c0000000)
  to   space 178688K, 0% used [0x00000007aa300000,0x00000007aa300000,0x00000007b5180000)
 ParOldGen       total 865280K, used 630789K [0x00000006c0000000, 0x00000006f4d00000, 0x000000076ab00000)
  object space 865280K, 72% used [0x00000006c0000000,0x00000006e6801440,0x00000006f4d00000)
 Metaspace       used 139558K, capacity 155074K, committed 155200K, reserved 1181696K
  class space    used 19949K, capacity 23570K, committed 23616K, reserved 1048576K
}
Event: 81.915 GC heap before
{Heap before GC invocations=104 (full 5):
 PSYoungGen      total 1217536K, used 1187891K [0x000000076ab00000, 0x00000007c0000000, 0x00000007c0000000)
  eden space 1040384K, 100% used [0x000000076ab00000,0x00000007aa300000,0x00000007aa300000)
  from space 177152K, 83% used [0x00000007b5300000,0x00000007be30cf00,0x00000007c0000000)
  to   space 178688K, 0% used [0x00000007aa300000,0x00000007aa300000,0x00000007b5180000)
 ParOldGen       total 865280K, used 630789K [0x00000006c0000000, 0x00000006f4d00000, 0x000000076ab00000)
  object space 865280K, 72% used [0x00000006c0000000,0x00000006e6801440,0x00000006f4d00000)
 Metaspace       used 139626K, capacity 155146K, committed 155200K, reserved 1181696K
  class space    used 19950K, capacity 23570K, committed 23616K, reserved 1048576K
Event: 81.943 GC heap after
Heap after GC invocations=104 (full 5):
 PSYoungGen      total 1186816K, used 146044K [0x000000076ab00000, 0x00000007c0000000, 0x00000007c0000000)
  eden space 1040384K, 0% used [0x000000076ab00000,0x000000076ab00000,0x00000007aa300000)
  from space 146432K, 99% used [0x00000007aa300000,0x00000007b319f3b0,0x00000007b3200000)
  to   space 179712K, 0% used [0x00000007b5080000,0x00000007b5080000,0x00000007c0000000)
 ParOldGen       total 865280K, used 632349K [0x00000006c0000000, 0x00000006f4d00000, 0x000000076ab00000)
  object space 865280K, 73% used [0x00000006c0000000,0x00000006e6987440,0x00000006f4d00000)
 Metaspace       used 139626K, capacity 155146K, committed 155200K, reserved 1181696K
  class space    used 19950K, capacity 23570K, committed 23616K, reserved 1048576K
}
Event: 85.723 GC heap before
{Heap before GC invocations=105 (full 5):
 PSYoungGen      total 1186816K, used 1186428K [0x000000076ab00000, 0x00000007c0000000, 0x00000007c0000000)
  eden space 1040384K, 100% used [0x000000076ab00000,0x00000007aa300000,0x00000007aa300000)
  from space 146432K, 99% used [0x00000007aa300000,0x00000007b319f3b0,0x00000007b3200000)
  to   space 179712K, 0% used [0x00000007b5080000,0x00000007b5080000,0x00000007c0000000)
 ParOldGen       total 865280K, used 632349K [0x00000006c0000000, 0x00000006f4d00000, 0x000000076ab00000)
  object space 865280K, 73% used [0x00000006c0000000,0x00000006e6987440,0x00000006f4d00000)
 Metaspace       used 139751K, capacity 155262K, committed 155456K, reserved 1181696K
  class space    used 19950K, capacity 23570K, committed 23616K, reserved 1048576K
Event: 85.752 GC heap after
Heap after GC invocations=105 (full 5):
 PSYoungGen      total 1219072K, used 111050K [0x000000076ab00000, 0x00000007c0000000, 0x00000007c0000000)
  eden space 1039360K, 0% used [0x000000076ab00000,0x000000076ab00000,0x00000007aa200000)
  from space 179712K, 61% used [0x00000007b5080000,0x00000007bbcf2bd0,0x00000007c0000000)
  to   space 178688K, 0% used [0x00000007aa200000,0x00000007aa200000,0x00000007b5080000)
 ParOldGen       total 865280K, used 669452K [0x00000006c0000000, 0x00000006f4d00000, 0x000000076ab00000)
  object space 865280K, 77% used [0x00000006c0000000,0x00000006e8dc3300,0x00000006f4d00000)
 Metaspace       used 139751K, capacity 155262K, committed 155456K, reserved 1181696K
  class space    used 19950K, capacity 23570K, committed 23616K, reserved 1048576K
}
Event: 89.845 GC heap before
{Heap before GC invocations=106 (full 5):
 PSYoungGen      total 1219072K, used 1150410K [0x000000076ab00000, 0x00000007c0000000, 0x00000007c0000000)
  eden space 1039360K, 100% used [0x000000076ab00000,0x00000007aa200000,0x00000007aa200000)
  from space 179712K, 61% used [0x00000007b5080000,0x00000007bbcf2bd0,0x00000007c0000000)
  to   space 178688K, 0% used [0x00000007aa200000,0x00000007aa200000,0x00000007b5080000)
 ParOldGen       total 865280K, used 669452K [0x00000006c0000000, 0x00000006f4d00000, 0x000000076ab00000)
  object space 865280K, 77% used [0x00000006c0000000,0x00000006e8dc3300,0x00000006f4d00000)
 Metaspace       used 139914K, capacity 155620K, committed 155840K, reserved 1181696K
  class space    used 19982K, capacity 23643K, committed 23744K, reserved 1048576K
Event: 89.872 GC heap after
Heap after GC invocations=106 (full 5):
 PSYoungGen      total 1073152K, used 33684K [0x000000076ab00000, 0x00000007c0000000, 0x00000007c0000000)
  eden space 1039360K, 0% used [0x000000076ab00000,0x000000076ab00000,0x00000007aa200000)
  from space 33792K, 99% used [0x00000007aa200000,0x00000007ac2e53f0,0x00000007ac300000)
  to   space 190464K, 0% used [0x00000007b4600000,0x00000007b4600000,0x00000007c0000000)
 ParOldGen       total 865280K, used 740883K [0x00000006c0000000, 0x00000006f4d00000, 0x000000076ab00000)
  object space 865280K, 85% used [0x00000006c0000000,0x00000006ed384e60,0x00000006f4d00000)
 Metaspace       used 139914K, capacity 155620K, committed 155840K, reserved 1181696K
  class space    used 19982K, capacity 23643K, committed 23744K, reserved 1048576K
}

