# JRE version: OpenJDK Runtime Environment (8.0_242-b08) (build 1.8.0_242-b08)
# Java VM: OpenJDK 64-Bit Server VM (25.242-b08 mixed mode windows-amd64 compressed oops)
Heap:
 PSYoungGen      total 1022976K, used 224124K [0x000000076ab00000, 0x00000007b9400000, 0x00000007c0000000)
  eden space 796672K, 23% used [0x000000076ab00000,0x000000077626d450,0x000000079b500000)
  from space 226304K, 16% used [0x00000007ab700000,0x00000007ada71c30,0x00000007b9400000)
  to   space 245248K, 0% used [0x000000079b500000,0x000000079b500000,0x00000007aa480000)
 ParOldGen       total 1200128K, used 837756K [0x00000006c0000000, 0x0000000709400000, 0x000000076ab00000)
  object space 1200128K, 69% used [0x00000006c0000000,0x00000006f321f348,0x0000000709400000)
 Metaspace       used 160010K, capacity 187697K, committed 187840K, reserved 1206272K
  class space    used 22609K, capacity 30128K, committed 30184K, reserved 1048576K
GC Heap History (10 events):
Event: 77.050 GC heap before
{Heap before GC invocations=110 (full 6):
 PSYoungGen      total 760320K, used 760269K [0x000000076ab00000, 0x00000007bda80000, 0x00000007c0000000)
  eden space 724480K, 100% used [0x000000076ab00000,0x0000000796e80000,0x0000000796e80000)
  from space 35840K, 99% used [0x0000000796e80000,0x0000000799173740,0x0000000799180000)
  to   space 312832K, 0% used [0x00000007aa900000,0x00000007aa900000,0x00000007bda80000)
 ParOldGen       total 1200128K, used 837716K [0x00000006c0000000, 0x0000000709400000, 0x000000076ab00000)
  object space 1200128K, 69% used [0x00000006c0000000,0x00000006f3215348,0x0000000709400000)
 Metaspace       used 158820K, capacity 186051K, committed 186176K, reserved 1206272K
  class space    used 22539K, capacity 30005K, committed 30056K, reserved 1048576K
Event: 77.060 GC heap after
Heap after GC invocations=110 (full 6):
 PSYoungGen      total 1060352K, used 35290K [0x000000076ab00000, 0x00000007bde00000, 0x00000007c0000000)
  eden space 747520K, 0% used [0x000000076ab00000,0x000000076ab00000,0x0000000798500000)
  from space 312832K, 11% used [0x00000007aa900000,0x00000007acb76988,0x00000007bda80000)
  to   space 299008K, 0% used [0x0000000798500000,0x0000000798500000,0x00000007aa900000)
 ParOldGen       total 1200128K, used 837724K [0x00000006c0000000, 0x0000000709400000, 0x000000076ab00000)
  object space 1200128K, 69% used [0x00000006c0000000,0x00000006f3217348,0x0000000709400000)
 Metaspace       used 158820K, capacity 186051K, committed 186176K, reserved 1206272K
  class space    used 22539K, capacity 30005K, committed 30056K, reserved 1048576K
}
Event: 80.171 GC heap before
{Heap before GC invocations=111 (full 6):
 PSYoungGen      total 1060352K, used 782810K [0x000000076ab00000, 0x00000007bde00000, 0x00000007c0000000)
  eden space 747520K, 100% used [0x000000076ab00000,0x0000000798500000,0x0000000798500000)
  from space 312832K, 11% used [0x00000007aa900000,0x00000007acb76988,0x00000007bda80000)
  to   space 299008K, 0% used [0x0000000798500000,0x0000000798500000,0x00000007aa900000)
 ParOldGen       total 1200128K, used 837724K [0x00000006c0000000, 0x0000000709400000, 0x000000076ab00000)
  object space 1200128K, 69% used [0x00000006c0000000,0x00000006f3217348,0x0000000709400000)
 Metaspace       used 159233K, capacity 186605K, committed 186688K, reserved 1206272K
  class space    used 22554K, capacity 30028K, committed 30056K, reserved 1048576K
Event: 80.180 GC heap after
Heap after GC invocations=111 (full 6):
 PSYoungGen      total 1046528K, used 35468K [0x000000076ab00000, 0x00000007bd500000, 0x00000007c0000000)
  eden space 747520K, 0% used [0x000000076ab00000,0x000000076ab00000,0x0000000798500000)
  from space 299008K, 11% used [0x0000000798500000,0x000000079a7a3238,0x00000007aa900000)
  to   space 285696K, 0% used [0x00000007abe00000,0x00000007abe00000,0x00000007bd500000)
 ParOldGen       total 1200128K, used 837732K [0x00000006c0000000, 0x0000000709400000, 0x000000076ab00000)
  object space 1200128K, 69% used [0x00000006c0000000,0x00000006f3219348,0x0000000709400000)
 Metaspace       used 159233K, capacity 186605K, committed 186688K, reserved 1206272K
  class space    used 22554K, capacity 30028K, committed 30056K, reserved 1048576K
}
Event: 83.287 GC heap before
{Heap before GC invocations=112 (full 6):
 PSYoungGen      total 1046528K, used 782988K [0x000000076ab00000, 0x00000007bd500000, 0x00000007c0000000)
  eden space 747520K, 100% used [0x000000076ab00000,0x0000000798500000,0x0000000798500000)
  from space 299008K, 11% used [0x0000000798500000,0x000000079a7a3238,0x00000007aa900000)
  to   space 285696K, 0% used [0x00000007abe00000,0x00000007abe00000,0x00000007bd500000)
 ParOldGen       total 1200128K, used 837732K [0x00000006c0000000, 0x0000000709400000, 0x000000076ab00000)
  object space 1200128K, 69% used [0x00000006c0000000,0x00000006f3219348,0x0000000709400000)
 Metaspace       used 159504K, capacity 186973K, committed 187200K, reserved 1206272K
  class space    used 22562K, capacity 30040K, committed 30056K, reserved 1048576K
Event: 83.297 GC heap after
Heap after GC invocations=112 (full 6):
 PSYoungGen      total 1029120K, used 35615K [0x000000076ab00000, 0x00000007bb480000, 0x00000007c0000000)
  eden space 776704K, 0% used [0x000000076ab00000,0x000000076ab00000,0x000000079a180000)
  from space 252416K, 14% used [0x00000007abe00000,0x00000007ae0c7eb8,0x00000007bb480000)
  to   space 271872K, 0% used [0x000000079a180000,0x000000079a180000,0x00000007aab00000)
 ParOldGen       total 1200128K, used 837740K [0x00000006c0000000, 0x0000000709400000, 0x000000076ab00000)
  object space 1200128K, 69% used [0x00000006c0000000,0x00000006f321b348,0x0000000709400000)
 Metaspace       used 159504K, capacity 186973K, committed 187200K, reserved 1206272K
  class space    used 22562K, capacity 30040K, committed 30056K, reserved 1048576K
}
Event: 86.426 GC heap before
{Heap before GC invocations=113 (full 6):
 PSYoungGen      total 1029120K, used 812319K [0x000000076ab00000, 0x00000007bb480000, 0x00000007c0000000)
  eden space 776704K, 100% used [0x000000076ab00000,0x000000079a180000,0x000000079a180000)
  from space 252416K, 14% used [0x00000007abe00000,0x00000007ae0c7eb8,0x00000007bb480000)
  to   space 271872K, 0% used [0x000000079a180000,0x000000079a180000,0x00000007aab00000)
 ParOldGen       total 1200128K, used 837740K [0x00000006c0000000, 0x0000000709400000, 0x000000076ab00000)
  object space 1200128K, 69% used [0x00000006c0000000,0x00000006f321b348,0x0000000709400000)
 Metaspace       used 159663K, capacity 187163K, committed 187200K, reserved 1206272K
  class space    used 22566K, capacity 30045K, committed 30056K, reserved 1048576K
Event: 86.435 GC heap after
Heap after GC invocations=113 (full 6):
 PSYoungGen      total 1048576K, used 35767K [0x000000076ab00000, 0x00000007bb380000, 0x00000007c0000000)
  eden space 776704K, 0% used [0x000000076ab00000,0x000000076ab00000,0x000000079a180000)
  from space 271872K, 13% used [0x000000079a180000,0x000000079c46dfd0,0x00000007aab00000)
  to   space 258560K, 0% used [0x00000007ab700000,0x00000007ab700000,0x00000007bb380000)
 ParOldGen       total 1200128K, used 837748K [0x00000006c0000000, 0x0000000709400000, 0x000000076ab00000)
  object space 1200128K, 69% used [0x00000006c0000000,0x00000006f321d348,0x0000000709400000)
 Metaspace       used 159663K, capacity 187163K, committed 187200K, reserved 1206272K
  class space    used 22566K, capacity 30045K, committed 30056K, reserved 1048576K
}
Event: 157.818 GC heap before
{Heap before GC invocations=114 (full 6):
 PSYoungGen      total 1048576K, used 812471K [0x000000076ab00000, 0x00000007bb380000, 0x00000007c0000000)
  eden space 776704K, 100% used [0x000000076ab00000,0x000000079a180000,0x000000079a180000)
  from space 271872K, 13% used [0x000000079a180000,0x000000079c46dfd0,0x00000007aab00000)
  to   space 258560K, 0% used [0x00000007ab700000,0x00000007ab700000,0x00000007bb380000)
 ParOldGen       total 1200128K, used 837748K [0x00000006c0000000, 0x0000000709400000, 0x000000076ab00000)
  object space 1200128K, 69% used [0x00000006c0000000,0x00000006f321d348,0x0000000709400000)
 Metaspace       used 159861K, capacity 187371K, committed 187584K, reserved 1206272K
  class space    used 22581K, capacity 30057K, committed 30184K, reserved 1048576K
Event: 157.829 GC heap after
Heap after GC invocations=114 (full 6):
 PSYoungGen      total 1022976K, used 36295K [0x000000076ab00000, 0x00000007b9400000, 0x00000007c0000000)
  eden space 796672K, 0% used [0x000000076ab00000,0x000000076ab00000,0x000000079b500000)
  from space 226304K, 16% used [0x00000007ab700000,0x00000007ada71c30,0x00000007b9400000)
  to   space 245248K, 0% used [0x000000079b500000,0x000000079b500000,0x00000007aa480000)
 ParOldGen       total 1200128K, used 837756K [0x00000006c0000000, 0x0000000709400000, 0x000000076ab00000)
  object space 1200128K, 69% used [0x00000006c0000000,0x00000006f321f348,0x0000000709400000)
 Metaspace       used 159861K, capacity 187371K, committed 187584K, reserved 1206272K
  class space    used 22581K, capacity 30057K, committed 30184K, reserved 1048576K
}

