# JRE version: Java(TM) SE Runtime Environment (8.0_51-b16) (build 1.8.0_51-b16)
# Java VM: Java HotSpot(TM) 64-Bit Server VM (25.51-b03 mixed mode windows-amd64 compressed oops)
Heap:
 PSYoungGen      total 1233920K, used 196539K [0x000000076ab00000, 0x00000007be280000, 0x00000007c0000000)
  eden space 1103872K, 16% used [0x000000076ab00000,0x0000000775f6c848,0x00000007ae100000)
  from space 130048K, 9% used [0x00000007ae100000,0x00000007aec82618,0x00000007b6000000)
  to   space 130560K, 0% used [0x00000007b6300000,0x00000007b6300000,0x00000007be280000)
 ParOldGen       total 975872K, used 786486K [0x00000006c0000000, 0x00000006fb900000, 0x000000076ab00000)
  object space 975872K, 80% used [0x00000006c0000000,0x00000006f000db18,0x00000006fb900000)
 Metaspace       used 140187K, capacity 156170K, committed 156376K, reserved 1181696K
  class space    used 19811K, capacity 23456K, committed 23512K, reserved 1048576K
GC Heap History (10 events):
Event: 461.226 GC heap before
{Heap before GC invocations=120 (full 5):
 PSYoungGen      total 1240576K, used 1136258K [0x000000076ab00000, 0x00000007bf780000, 0x00000007c0000000)
  eden space 1096192K, 100% used [0x000000076ab00000,0x00000007ad980000,0x00000007ad980000)
  from space 144384K, 27% used [0x00000007b6a80000,0x00000007b91a0948,0x00000007bf780000)
  to   space 146432K, 0% used [0x00000007ad980000,0x00000007ad980000,0x00000007b6880000)
 ParOldGen       total 975872K, used 754422K [0x00000006c0000000, 0x00000006fb900000, 0x000000076ab00000)
  object space 975872K, 77% used [0x00000006c0000000,0x00000006ee0bdb30,0x00000006fb900000)
 Metaspace       used 139701K, capacity 155510K, committed 155736K, reserved 1181696K
  class space    used 19745K, capacity 23368K, committed 23384K, reserved 1048576K
Event: 461.238 GC heap after
Heap after GC invocations=120 (full 5):
 PSYoungGen      total 1242624K, used 40178K [0x000000076ab00000, 0x00000007bf680000, 0x00000007c0000000)
  eden space 1096192K, 0% used [0x000000076ab00000,0x000000076ab00000,0x00000007ad980000)
  from space 146432K, 27% used [0x00000007ad980000,0x00000007b00bc830,0x00000007b6880000)
  to   space 142848K, 0% used [0x00000007b6b00000,0x00000007b6b00000,0x00000007bf680000)
 ParOldGen       total 975872K, used 754486K [0x00000006c0000000, 0x00000006fb900000, 0x000000076ab00000)
  object space 975872K, 77% used [0x00000006c0000000,0x00000006ee0cdb30,0x00000006fb900000)
 Metaspace       used 139701K, capacity 155510K, committed 155736K, reserved 1181696K
  class space    used 19745K, capacity 23368K, committed 23384K, reserved 1048576K
}
Event: 524.578 GC heap before
{Heap before GC invocations=121 (full 5):
 PSYoungGen      total 1242624K, used 1136370K [0x000000076ab00000, 0x00000007bf680000, 0x00000007c0000000)
  eden space 1096192K, 100% used [0x000000076ab00000,0x00000007ad980000,0x00000007ad980000)
  from space 146432K, 27% used [0x00000007ad980000,0x00000007b00bc830,0x00000007b6880000)
  to   space 142848K, 0% used [0x00000007b6b00000,0x00000007b6b00000,0x00000007bf680000)
 ParOldGen       total 975872K, used 754486K [0x00000006c0000000, 0x00000006fb900000, 0x000000076ab00000)
  object space 975872K, 77% used [0x00000006c0000000,0x00000006ee0cdb30,0x00000006fb900000)
 Metaspace       used 139917K, capacity 155772K, committed 156120K, reserved 1181696K
  class space    used 19773K, capacity 23407K, committed 23512K, reserved 1048576K
Event: 524.590 GC heap after
Heap after GC invocations=121 (full 5):
 PSYoungGen      total 1233920K, used 40610K [0x000000076ab00000, 0x00000007bed00000, 0x00000007c0000000)
  eden space 1100800K, 0% used [0x000000076ab00000,0x000000076ab00000,0x00000007ade00000)
  from space 133120K, 30% used [0x00000007b6b00000,0x00000007b92a8888,0x00000007bed00000)
  to   space 138752K, 0% used [0x00000007ade00000,0x00000007ade00000,0x00000007b6580000)
 ParOldGen       total 975872K, used 754558K [0x00000006c0000000, 0x00000006fb900000, 0x000000076ab00000)
  object space 975872K, 77% used [0x00000006c0000000,0x00000006ee0dfb30,0x00000006fb900000)
 Metaspace       used 139917K, capacity 155772K, committed 156120K, reserved 1181696K
  class space    used 19773K, capacity 23407K, committed 23512K, reserved 1048576K
}
Event: 589.377 GC heap before
{Heap before GC invocations=122 (full 5):
 PSYoungGen      total 1233920K, used 1141410K [0x000000076ab00000, 0x00000007bed00000, 0x00000007c0000000)
  eden space 1100800K, 100% used [0x000000076ab00000,0x00000007ade00000,0x00000007ade00000)
  from space 133120K, 30% used [0x00000007b6b00000,0x00000007b92a8888,0x00000007bed00000)
  to   space 138752K, 0% used [0x00000007ade00000,0x00000007ade00000,0x00000007b6580000)
 ParOldGen       total 975872K, used 754558K [0x00000006c0000000, 0x00000006fb900000, 0x000000076ab00000)
  object space 975872K, 77% used [0x00000006c0000000,0x00000006ee0dfb30,0x00000006fb900000)
 Metaspace       used 139950K, capacity 155792K, committed 156120K, reserved 1181696K
  class space    used 19773K, capacity 23407K, committed 23512K, reserved 1048576K
Event: 589.389 GC heap after
Heap after GC invocations=122 (full 5):
 PSYoungGen      total 1141760K, used 40505K [0x000000076ab00000, 0x00000007be880000, 0x00000007c0000000)
  eden space 1100800K, 0% used [0x000000076ab00000,0x000000076ab00000,0x00000007ade00000)
  from space 40960K, 98% used [0x00000007ade00000,0x00000007b058e6a0,0x00000007b0600000)
  to   space 134656K, 0% used [0x00000007b6500000,0x00000007b6500000,0x00000007be880000)
 ParOldGen       total 975872K, used 754630K [0x00000006c0000000, 0x00000006fb900000, 0x000000076ab00000)
  object space 975872K, 77% used [0x00000006c0000000,0x00000006ee0f1b30,0x00000006fb900000)
 Metaspace       used 139950K, capacity 155792K, committed 156120K, reserved 1181696K
  class space    used 19773K, capacity 23407K, committed 23512K, reserved 1048576K
}
Event: 654.583 GC heap before
{Heap before GC invocations=123 (full 5):
 PSYoungGen      total 1141760K, used 1141305K [0x000000076ab00000, 0x00000007be880000, 0x00000007c0000000)
  eden space 1100800K, 100% used [0x000000076ab00000,0x00000007ade00000,0x00000007ade00000)
  from space 40960K, 98% used [0x00000007ade00000,0x00000007b058e6a0,0x00000007b0600000)
  to   space 134656K, 0% used [0x00000007b6500000,0x00000007b6500000,0x00000007be880000)
 ParOldGen       total 975872K, used 754630K [0x00000006c0000000, 0x00000006fb900000, 0x000000076ab00000)
  object space 975872K, 77% used [0x00000006c0000000,0x00000006ee0f1b30,0x00000006fb900000)
 Metaspace       used 140006K, capacity 155890K, committed 156120K, reserved 1181696K
  class space    used 19778K, capacity 23410K, committed 23512K, reserved 1048576K
Event: 654.596 GC heap after
Heap after GC invocations=123 (full 5):
 PSYoungGen      total 1228800K, used 41465K [0x000000076ab00000, 0x00000007bdf00000, 0x00000007c0000000)
  eden space 1103872K, 0% used [0x000000076ab00000,0x000000076ab00000,0x00000007ae100000)
  from space 124928K, 33% used [0x00000007b6500000,0x00000007b8d7e6c8,0x00000007bdf00000)
  to   space 130048K, 0% used [0x00000007ae100000,0x00000007ae100000,0x00000007b6000000)
 ParOldGen       total 975872K, used 754702K [0x00000006c0000000, 0x00000006fb900000, 0x000000076ab00000)
  object space 975872K, 77% used [0x00000006c0000000,0x00000006ee103b30,0x00000006fb900000)
 Metaspace       used 140006K, capacity 155890K, committed 156120K, reserved 1181696K
  class space    used 19778K, capacity 23410K, committed 23512K, reserved 1048576K
}
Event: 702.971 GC heap before
{Heap before GC invocations=124 (full 5):
 PSYoungGen      total 1228800K, used 1145337K [0x000000076ab00000, 0x00000007bdf00000, 0x00000007c0000000)
  eden space 1103872K, 100% used [0x000000076ab00000,0x00000007ae100000,0x00000007ae100000)
  from space 124928K, 33% used [0x00000007b6500000,0x00000007b8d7e6c8,0x00000007bdf00000)
  to   space 130048K, 0% used [0x00000007ae100000,0x00000007ae100000,0x00000007b6000000)
 ParOldGen       total 975872K, used 754702K [0x00000006c0000000, 0x00000006fb900000, 0x000000076ab00000)
  object space 975872K, 77% used [0x00000006c0000000,0x00000006ee103b30,0x00000006fb900000)
 Metaspace       used 140055K, capacity 155918K, committed 156120K, reserved 1181696K
  class space    used 19782K, capacity 23416K, committed 23512K, reserved 1048576K
Event: 702.988 GC heap after
Heap after GC invocations=124 (full 5):
 PSYoungGen      total 1233920K, used 11785K [0x000000076ab00000, 0x00000007be280000, 0x00000007c0000000)
  eden space 1103872K, 0% used [0x000000076ab00000,0x000000076ab00000,0x00000007ae100000)
  from space 130048K, 9% used [0x00000007ae100000,0x00000007aec82618,0x00000007b6000000)
  to   space 130560K, 0% used [0x00000007b6300000,0x00000007b6300000,0x00000007be280000)
 ParOldGen       total 975872K, used 786486K [0x00000006c0000000, 0x00000006fb900000, 0x000000076ab00000)
  object space 975872K, 80% used [0x00000006c0000000,0x00000006f000db18,0x00000006fb900000)
 Metaspace       used 140055K, capacity 155918K, committed 156120K, reserved 1181696K
  class space    used 19782K, capacity 23416K, committed 23512K, reserved 1048576K
}

