# JRE version: Java(TM) SE Runtime Environment (8.0_51-b16) (build 1.8.0_51-b16)
# Java VM: Java HotSpot(TM) 64-Bit Server VM (25.51-b03 mixed mode windows-amd64 compressed oops)
Heap:
 PSYoungGen      total 1005568K, used 705401K [0x000000076ab00000, 0x00000007b2380000, 0x00000007c0000000)
  eden space 996864K, 69% used [0x000000076ab00000,0x00000007953837c0,0x00000007a7880000)
  from space 8704K, 98% used [0x00000007a7880000,0x00000007a80dadf8,0x00000007a8100000)
  to   space 87040K, 0% used [0x00000007ace80000,0x00000007ace80000,0x00000007b2380000)
 ParOldGen       total 888832K, used 767086K [0x00000006c0000000, 0x00000006f6400000, 0x000000076ab00000)
  object space 888832K, 86% used [0x00000006c0000000,0x00000006eed1b998,0x00000006f6400000)
 Metaspace       used 130501K, capacity 145198K, committed 145472K, reserved 1173504K
  class space    used 18811K, capacity 22272K, committed 22376K, reserved 1048576K
GC Heap History (10 events):
Event: 1353.514 GC heap before
{Heap before GC invocations=122 (full 5):
 PSYoungGen      total 1104896K, used 1004700K [0x000000076ab00000, 0x00000007b5b80000, 0x00000007c0000000)
  eden space 994816K, 100% used [0x000000076ab00000,0x00000007a7680000,0x00000007a7680000)
  from space 110080K, 8% used [0x00000007af000000,0x00000007af9a73f8,0x00000007b5b80000)
  to   space 117248K, 0% used [0x00000007a7680000,0x00000007a7680000,0x00000007ae900000)
 ParOldGen       total 888832K, used 764531K [0x00000006c0000000, 0x00000006f6400000, 0x000000076ab00000)
  object space 888832K, 86% used [0x00000006c0000000,0x00000006eea9cf20,0x00000006f6400000)
 Metaspace       used 130311K, capacity 144898K, committed 145088K, reserved 1171456K
  class space    used 18775K, capacity 22198K, committed 22248K, reserved 1048576K
Event: 1353.521 GC heap after
Heap after GC invocations=122 (full 5):
 PSYoungGen      total 1005056K, used 9944K [0x000000076ab00000, 0x00000007b5000000, 0x00000007c0000000)
  eden space 994816K, 0% used [0x000000076ab00000,0x000000076ab00000,0x00000007a7680000)
  from space 10240K, 97% used [0x00000007a7680000,0x00000007a8036300,0x00000007a8080000)
  to   space 110592K, 0% used [0x00000007ae400000,0x00000007ae400000,0x00000007b5000000)
 ParOldGen       total 888832K, used 764667K [0x00000006c0000000, 0x00000006f6400000, 0x000000076ab00000)
  object space 888832K, 86% used [0x00000006c0000000,0x00000006eeabef20,0x00000006f6400000)
 Metaspace       used 130311K, capacity 144898K, committed 145088K, reserved 1171456K
  class space    used 18775K, capacity 22198K, committed 22248K, reserved 1048576K
}
Event: 1381.221 GC heap before
{Heap before GC invocations=123 (full 5):
 PSYoungGen      total 1005056K, used 1004760K [0x000000076ab00000, 0x00000007b5000000, 0x00000007c0000000)
  eden space 994816K, 100% used [0x000000076ab00000,0x00000007a7680000,0x00000007a7680000)
  from space 10240K, 97% used [0x00000007a7680000,0x00000007a8036300,0x00000007a8080000)
  to   space 110592K, 0% used [0x00000007ae400000,0x00000007ae400000,0x00000007b5000000)
 ParOldGen       total 888832K, used 764667K [0x00000006c0000000, 0x00000006f6400000, 0x000000076ab00000)
  object space 888832K, 86% used [0x00000006c0000000,0x00000006eeabef20,0x00000006f6400000)
 Metaspace       used 130327K, capacity 144898K, committed 145088K, reserved 1171456K
  class space    used 18778K, capacity 22198K, committed 22248K, reserved 1048576K
Event: 1381.228 GC heap after
Heap after GC invocations=123 (full 5):
 PSYoungGen      total 1093632K, used 9977K [0x000000076ab00000, 0x00000007b4380000, 0x00000007c0000000)
  eden space 995840K, 0% used [0x000000076ab00000,0x000000076ab00000,0x00000007a7780000)
  from space 97792K, 10% used [0x00000007ae400000,0x00000007aedbe5f0,0x00000007b4380000)
  to   space 104448K, 0% used [0x00000007a7780000,0x00000007a7780000,0x00000007add80000)
 ParOldGen       total 888832K, used 764723K [0x00000006c0000000, 0x00000006f6400000, 0x000000076ab00000)
  object space 888832K, 86% used [0x00000006c0000000,0x00000006eeaccf20,0x00000006f6400000)
 Metaspace       used 130327K, capacity 144898K, committed 145088K, reserved 1171456K
  class space    used 18778K, capacity 22198K, committed 22248K, reserved 1048576K
}
Event: 1420.277 GC heap before
{Heap before GC invocations=124 (full 5):
 PSYoungGen      total 1093632K, used 1005817K [0x000000076ab00000, 0x00000007b4380000, 0x00000007c0000000)
  eden space 995840K, 100% used [0x000000076ab00000,0x00000007a7780000,0x00000007a7780000)
  from space 97792K, 10% used [0x00000007ae400000,0x00000007aedbe5f0,0x00000007b4380000)
  to   space 104448K, 0% used [0x00000007a7780000,0x00000007a7780000,0x00000007add80000)
 ParOldGen       total 888832K, used 764730K [0x00000006c0000000, 0x00000006f6400000, 0x000000076ab00000)
  object space 888832K, 86% used [0x00000006c0000000,0x00000006eeace9f8,0x00000006f6400000)
 Metaspace       used 130330K, capacity 144902K, committed 145088K, reserved 1171456K
  class space    used 18778K, capacity 22198K, committed 22248K, reserved 1048576K
Event: 1420.284 GC heap after
Heap after GC invocations=124 (full 5):
 PSYoungGen      total 1005568K, used 9689K [0x000000076ab00000, 0x00000007b3880000, 0x00000007c0000000)
  eden space 995840K, 0% used [0x000000076ab00000,0x000000076ab00000,0x00000007a7780000)
  from space 9728K, 99% used [0x00000007a7780000,0x00000007a80f65f0,0x00000007a8100000)
  to   space 98304K, 0% used [0x00000007ad880000,0x00000007ad880000,0x00000007b3880000)
 ParOldGen       total 888832K, used 765151K [0x00000006c0000000, 0x00000006f6400000, 0x000000076ab00000)
  object space 888832K, 86% used [0x00000006c0000000,0x00000006eeb37c40,0x00000006f6400000)
 Metaspace       used 130330K, capacity 144902K, committed 145088K, reserved 1171456K
  class space    used 18778K, capacity 22198K, committed 22248K, reserved 1048576K
}
Event: 1458.633 GC heap before
{Heap before GC invocations=125 (full 5):
 PSYoungGen      total 1005568K, used 1005529K [0x000000076ab00000, 0x00000007b3880000, 0x00000007c0000000)
  eden space 995840K, 100% used [0x000000076ab00000,0x00000007a7780000,0x00000007a7780000)
  from space 9728K, 99% used [0x00000007a7780000,0x00000007a80f65f0,0x00000007a8100000)
  to   space 98304K, 0% used [0x00000007ad880000,0x00000007ad880000,0x00000007b3880000)
 ParOldGen       total 888832K, used 765153K [0x00000006c0000000, 0x00000006f6400000, 0x000000076ab00000)
  object space 888832K, 86% used [0x00000006c0000000,0x00000006eeb387b0,0x00000006f6400000)
 Metaspace       used 130336K, capacity 144902K, committed 145088K, reserved 1171456K
  class space    used 18778K, capacity 22198K, committed 22248K, reserved 1048576K
Event: 1458.640 GC heap after
Heap after GC invocations=125 (full 5):
 PSYoungGen      total 1083904K, used 9081K [0x000000076ab00000, 0x00000007b2d80000, 0x00000007c0000000)
  eden space 996864K, 0% used [0x000000076ab00000,0x000000076ab00000,0x00000007a7880000)
  from space 87040K, 10% used [0x00000007ad880000,0x00000007ae15e488,0x00000007b2d80000)
  to   space 92672K, 0% used [0x00000007a7880000,0x00000007a7880000,0x00000007ad300000)
 ParOldGen       total 888832K, used 766112K [0x00000006c0000000, 0x00000006f6400000, 0x000000076ab00000)
  object space 888832K, 86% used [0x00000006c0000000,0x00000006eec28148,0x00000006f6400000)
 Metaspace       used 130336K, capacity 144902K, committed 145088K, reserved 1171456K
  class space    used 18778K, capacity 22198K, committed 22248K, reserved 1048576K
}
Event: 1499.172 GC heap before
{Heap before GC invocations=126 (full 5):
 PSYoungGen      total 1083904K, used 1005945K [0x000000076ab00000, 0x00000007b2d80000, 0x00000007c0000000)
  eden space 996864K, 100% used [0x000000076ab00000,0x00000007a7880000,0x00000007a7880000)
  from space 87040K, 10% used [0x00000007ad880000,0x00000007ae15e488,0x00000007b2d80000)
  to   space 92672K, 0% used [0x00000007a7880000,0x00000007a7880000,0x00000007ad300000)
 ParOldGen       total 888832K, used 766113K [0x00000006c0000000, 0x00000006f6400000, 0x000000076ab00000)
  object space 888832K, 86% used [0x00000006c0000000,0x00000006eec28458,0x00000006f6400000)
 Metaspace       used 130350K, capacity 144916K, committed 145088K, reserved 1171456K
  class space    used 18780K, capacity 22199K, committed 22248K, reserved 1048576K
Event: 1499.178 GC heap after
Heap after GC invocations=126 (full 5):
 PSYoungGen      total 1005568K, used 8555K [0x000000076ab00000, 0x00000007b2380000, 0x00000007c0000000)
  eden space 996864K, 0% used [0x000000076ab00000,0x000000076ab00000,0x00000007a7880000)
  from space 8704K, 98% used [0x00000007a7880000,0x00000007a80dadf8,0x00000007a8100000)
  to   space 87040K, 0% used [0x00000007ace80000,0x00000007ace80000,0x00000007b2380000)
 ParOldGen       total 888832K, used 767086K [0x00000006c0000000, 0x00000006f6400000, 0x000000076ab00000)
  object space 888832K, 86% used [0x00000006c0000000,0x00000006eed1b998,0x00000006f6400000)
 Metaspace       used 130350K, capacity 144916K, committed 145088K, reserved 1171456K
  class space    used 18780K, capacity 22199K, committed 22248K, reserved 1048576K
}

