# JRE version: OpenJDK Runtime Environment (8.0_242-b08) (build 1.8.0_242-b08)
# Java VM: OpenJDK 64-Bit Server VM (25.242-b08 mixed mode windows-amd64 compressed oops)
Heap:
 PSYoungGen      total 1248256K, used 397565K [0x000000076ab00000, 0x00000007bfc80000, 0x00000007c0000000)
  eden space 1106432K, 27% used [0x000000076ab00000,0x000000077d00f5a8,0x00000007ae380000)
  from space 141824K, 68% used [0x00000007b7000000,0x00000007bcf2fee8,0x00000007bfa80000)
  to   space 143872K, 0% used [0x00000007ae380000,0x00000007ae380000,0x00000007b7000000)
 ParOldGen       total 919552K, used 716422K [0x00000006c0000000, 0x00000006f8200000, 0x000000076ab00000)
  object space 919552K, 77% used [0x00000006c0000000,0x00000006ebba1bb8,0x00000006f8200000)
 Metaspace       used 151996K, capacity 175440K, committed 175680K, reserved 1198080K
  class space    used 21209K, capacity 27916K, committed 28032K, reserved 1048576K
GC Heap History (10 events):
Event: 426.123 GC heap before
{Heap before GC invocations=97 (full 5):
 PSYoungGen      total 1227264K, used 1126209K [0x000000076ab00000, 0x00000007bfa80000, 0x00000007c0000000)
  eden space 1069056K, 100% used [0x000000076ab00000,0x00000007abf00000,0x00000007abf00000)
  from space 158208K, 36% used [0x00000007abf00000,0x00000007af6d0668,0x00000007b5980000)
  to   space 154112K, 0% used [0x00000007b6400000,0x00000007b6400000,0x00000007bfa80000)
 ParOldGen       total 919552K, used 716016K [0x00000006c0000000, 0x00000006f8200000, 0x000000076ab00000)
  object space 919552K, 77% used [0x00000006c0000000,0x00000006ebb3c0d8,0x00000006f8200000)
 Metaspace       used 150970K, capacity 174222K, committed 174400K, reserved 1196032K
  class space    used 21092K, capacity 27755K, committed 27776K, reserved 1048576K
Event: 426.137 GC heap after
Heap after GC invocations=97 (full 5):
 PSYoungGen      total 1231872K, used 57620K [0x000000076ab00000, 0x00000007bf300000, 0x00000007c0000000)
  eden space 1085440K, 0% used [0x000000076ab00000,0x000000076ab00000,0x00000007acf00000)
  from space 146432K, 39% used [0x00000007b6400000,0x00000007b9c452d0,0x00000007bf300000)
  to   space 149504K, 0% used [0x00000007acf00000,0x00000007acf00000,0x00000007b6100000)
 ParOldGen       total 919552K, used 716104K [0x00000006c0000000, 0x00000006f8200000, 0x000000076ab00000)
  object space 919552K, 77% used [0x00000006c0000000,0x00000006ebb520d8,0x00000006f8200000)
 Metaspace       used 150970K, capacity 174222K, committed 174400K, reserved 1196032K
  class space    used 21092K, capacity 27755K, committed 27776K, reserved 1048576K
}
Event: 484.241 GC heap before
{Heap before GC invocations=98 (full 5):
 PSYoungGen      total 1231872K, used 1143060K [0x000000076ab00000, 0x00000007bf300000, 0x00000007c0000000)
  eden space 1085440K, 100% used [0x000000076ab00000,0x00000007acf00000,0x00000007acf00000)
  from space 146432K, 39% used [0x00000007b6400000,0x00000007b9c452d0,0x00000007bf300000)
  to   space 149504K, 0% used [0x00000007acf00000,0x00000007acf00000,0x00000007b6100000)
 ParOldGen       total 919552K, used 716112K [0x00000006c0000000, 0x00000006f8200000, 0x000000076ab00000)
  object space 919552K, 77% used [0x00000006c0000000,0x00000006ebb541b0,0x00000006f8200000)
 Metaspace       used 151110K, capacity 174338K, committed 174400K, reserved 1196032K
  class space    used 21097K, capacity 27761K, committed 27776K, reserved 1048576K
Event: 484.256 GC heap after
Heap after GC invocations=98 (full 5):
 PSYoungGen      total 1234944K, used 56949K [0x000000076ab00000, 0x00000007bfa00000, 0x00000007c0000000)
  eden space 1085440K, 0% used [0x000000076ab00000,0x000000076ab00000,0x00000007acf00000)
  from space 149504K, 38% used [0x00000007acf00000,0x00000007b069d4f8,0x00000007b6100000)
  to   space 144896K, 0% used [0x00000007b6c80000,0x00000007b6c80000,0x00000007bfa00000)
 ParOldGen       total 919552K, used 716184K [0x00000006c0000000, 0x00000006f8200000, 0x000000076ab00000)
  object space 919552K, 77% used [0x00000006c0000000,0x00000006ebb661b0,0x00000006f8200000)
 Metaspace       used 151110K, capacity 174338K, committed 174400K, reserved 1196032K
  class space    used 21097K, capacity 27761K, committed 27776K, reserved 1048576K
}
Event: 550.359 GC heap before
{Heap before GC invocations=99 (full 5):
 PSYoungGen      total 1234944K, used 1142389K [0x000000076ab00000, 0x00000007bfa00000, 0x00000007c0000000)
  eden space 1085440K, 100% used [0x000000076ab00000,0x00000007acf00000,0x00000007acf00000)
  from space 149504K, 38% used [0x00000007acf00000,0x00000007b069d4f8,0x00000007b6100000)
  to   space 144896K, 0% used [0x00000007b6c80000,0x00000007b6c80000,0x00000007bfa00000)
 ParOldGen       total 919552K, used 716186K [0x00000006c0000000, 0x00000006f8200000, 0x000000076ab00000)
  object space 919552K, 77% used [0x00000006c0000000,0x00000006ebb66ba8,0x00000006f8200000)
 Metaspace       used 151281K, capacity 174586K, committed 174784K, reserved 1196032K
  class space    used 21123K, capacity 27819K, committed 27904K, reserved 1048576K
Event: 550.373 GC heap after
Heap after GC invocations=99 (full 5):
 PSYoungGen      total 1230336K, used 57032K [0x000000076ab00000, 0x00000007bed80000, 0x00000007c0000000)
  eden space 1098240K, 0% used [0x000000076ab00000,0x000000076ab00000,0x00000007adb80000)
  from space 132096K, 43% used [0x00000007b6c80000,0x00000007ba4323c8,0x00000007bed80000)
  to   space 140288K, 0% used [0x00000007adb80000,0x00000007adb80000,0x00000007b6480000)
 ParOldGen       total 919552K, used 716278K [0x00000006c0000000, 0x00000006f8200000, 0x000000076ab00000)
  object space 919552K, 77% used [0x00000006c0000000,0x00000006ebb7dbb8,0x00000006f8200000)
 Metaspace       used 151281K, capacity 174586K, committed 174784K, reserved 1196032K
  class space    used 21123K, capacity 27819K, committed 27904K, reserved 1048576K
}
Event: 595.474 GC heap before
{Heap before GC invocations=100 (full 5):
 PSYoungGen      total 1230336K, used 1155272K [0x000000076ab00000, 0x00000007bed80000, 0x00000007c0000000)
  eden space 1098240K, 100% used [0x000000076ab00000,0x00000007adb80000,0x00000007adb80000)
  from space 132096K, 43% used [0x00000007b6c80000,0x00000007ba4323c8,0x00000007bed80000)
  to   space 140288K, 0% used [0x00000007adb80000,0x00000007adb80000,0x00000007b6480000)
 ParOldGen       total 919552K, used 716278K [0x00000006c0000000, 0x00000006f8200000, 0x000000076ab00000)
  object space 919552K, 77% used [0x00000006c0000000,0x00000006ebb7dbb8,0x00000006f8200000)
 Metaspace       used 151790K, capacity 175214K, committed 175296K, reserved 1196032K
  class space    used 21190K, capacity 27895K, committed 27904K, reserved 1048576K
Event: 595.492 GC heap after
Heap after GC invocations=100 (full 5):
 PSYoungGen      total 1238528K, used 94043K [0x000000076ab00000, 0x00000007bfa80000, 0x00000007c0000000)
  eden space 1098240K, 0% used [0x000000076ab00000,0x000000076ab00000,0x00000007adb80000)
  from space 140288K, 67% used [0x00000007adb80000,0x00000007b3756f88,0x00000007b6480000)
  to   space 141824K, 0% used [0x00000007b7000000,0x00000007b7000000,0x00000007bfa80000)
 ParOldGen       total 919552K, used 716350K [0x00000006c0000000, 0x00000006f8200000, 0x000000076ab00000)
  object space 919552K, 77% used [0x00000006c0000000,0x00000006ebb8fbb8,0x00000006f8200000)
 Metaspace       used 151790K, capacity 175214K, committed 175296K, reserved 1196032K
  class space    used 21190K, capacity 27895K, committed 27904K, reserved 1048576K
}
Event: 624.563 GC heap before
{Heap before GC invocations=101 (full 5):
 PSYoungGen      total 1238528K, used 1192283K [0x000000076ab00000, 0x00000007bfa80000, 0x00000007c0000000)
  eden space 1098240K, 100% used [0x000000076ab00000,0x00000007adb80000,0x00000007adb80000)
  from space 140288K, 67% used [0x00000007adb80000,0x00000007b3756f88,0x00000007b6480000)
  to   space 141824K, 0% used [0x00000007b7000000,0x00000007b7000000,0x00000007bfa80000)
 ParOldGen       total 919552K, used 716350K [0x00000006c0000000, 0x00000006f8200000, 0x000000076ab00000)
  object space 919552K, 77% used [0x00000006c0000000,0x00000006ebb8fbb8,0x00000006f8200000)
 Metaspace       used 151898K, capacity 175332K, committed 175552K, reserved 1198080K
  class space    used 21195K, capacity 27902K, committed 27904K, reserved 1048576K
Event: 624.581 GC heap after
Heap after GC invocations=101 (full 5):
 PSYoungGen      total 1248256K, used 97471K [0x000000076ab00000, 0x00000007bfc80000, 0x00000007c0000000)
  eden space 1106432K, 0% used [0x000000076ab00000,0x000000076ab00000,0x00000007ae380000)
  from space 141824K, 68% used [0x00000007b7000000,0x00000007bcf2fee8,0x00000007bfa80000)
  to   space 143872K, 0% used [0x00000007ae380000,0x00000007ae380000,0x00000007b7000000)
 ParOldGen       total 919552K, used 716422K [0x00000006c0000000, 0x00000006f8200000, 0x000000076ab00000)
  object space 919552K, 77% used [0x00000006c0000000,0x00000006ebba1bb8,0x00000006f8200000)
 Metaspace       used 151898K, capacity 175332K, committed 175552K, reserved 1198080K
  class space    used 21195K, capacity 27902K, committed 27904K, reserved 1048576K
}

