# JRE version: OpenJDK Runtime Environment (8.0_242-b08) (build 1.8.0_242-b08)
# Java VM: OpenJDK 64-Bit Server VM (25.242-b08 mixed mode windows-amd64 compressed oops)
Heap:
 PSYoungGen      total 1221120K, used 1056958K [0x000000076ab00000, 0x00000007c0000000, 0x00000007c0000000)
  eden space 1058304K, 89% used [0x000000076ab00000,0x00000007a461d4b8,0x00000007ab480000)
  from space 162816K, 68% used [0x00000007ab480000,0x00000007b21925a8,0x00000007b5380000)
  to   space 160256K, 0% used [0x00000007b6380000,0x00000007b6380000,0x00000007c0000000)
 ParOldGen       total 889856K, used 720175K [0x00000006c0000000, 0x00000006f6500000, 0x000000076ab00000)
  object space 889856K, 80% used [0x00000006c0000000,0x00000006ebf4bdf0,0x00000006f6500000)
 Metaspace       used 155111K, capacity 181422K, committed 181592K, reserved 1202176K
  class space    used 21908K, capacity 29210K, committed 29312K, reserved 1048576K
GC Heap History (10 events):
Event: 81.645 GC heap before
{Heap before GC invocations=98 (full 5):
 PSYoungGen      total 1196032K, used 1126632K [0x000000076ab00000, 0x00000007bf300000, 0x00000007c0000000)
  eden space 1018880K, 100% used [0x000000076ab00000,0x00000007a8e00000,0x00000007a8e00000)
  from space 177152K, 60% used [0x00000007b4600000,0x00000007baf3a2a8,0x00000007bf300000)
  to   space 182784K, 0% used [0x00000007a8e00000,0x00000007a8e00000,0x00000007b4080000)
 ParOldGen       total 889856K, used 719815K [0x00000006c0000000, 0x00000006f6500000, 0x000000076ab00000)
  object space 889856K, 80% used [0x00000006c0000000,0x00000006ebef1df0,0x00000006f6500000)
 Metaspace       used 150882K, capacity 176182K, committed 176344K, reserved 1198080K
  class space    used 21460K, capacity 28600K, committed 28672K, reserved 1048576K
Event: 81.670 GC heap after
Heap after GC invocations=98 (full 5):
 PSYoungGen      total 1201664K, used 107769K [0x000000076ab00000, 0x00000007bfa80000, 0x00000007c0000000)
  eden space 1018880K, 0% used [0x000000076ab00000,0x000000076ab00000,0x00000007a8e00000)
  from space 182784K, 58% used [0x00000007a8e00000,0x00000007af73e5a0,0x00000007b4080000)
  to   space 177152K, 0% used [0x00000007b4d80000,0x00000007b4d80000,0x00000007bfa80000)
 ParOldGen       total 889856K, used 719887K [0x00000006c0000000, 0x00000006f6500000, 0x000000076ab00000)
  object space 889856K, 80% used [0x00000006c0000000,0x00000006ebf03df0,0x00000006f6500000)
 Metaspace       used 150882K, capacity 176182K, committed 176344K, reserved 1198080K
  class space    used 21460K, capacity 28600K, committed 28672K, reserved 1048576K
}
Event: 82.033 GC heap before
{Heap before GC invocations=99 (full 5):
 PSYoungGen      total 1201664K, used 1126649K [0x000000076ab00000, 0x00000007bfa80000, 0x00000007c0000000)
  eden space 1018880K, 100% used [0x000000076ab00000,0x00000007a8e00000,0x00000007a8e00000)
  from space 182784K, 58% used [0x00000007a8e00000,0x00000007af73e5a0,0x00000007b4080000)
  to   space 177152K, 0% used [0x00000007b4d80000,0x00000007b4d80000,0x00000007bfa80000)
 ParOldGen       total 889856K, used 719887K [0x00000006c0000000, 0x00000006f6500000, 0x000000076ab00000)
  object space 889856K, 80% used [0x00000006c0000000,0x00000006ebf03df0,0x00000006f6500000)
 Metaspace       used 150882K, capacity 176182K, committed 176344K, reserved 1198080K
  class space    used 21460K, capacity 28600K, committed 28672K, reserved 1048576K
Event: 82.058 GC heap after
Heap after GC invocations=99 (full 5):
 PSYoungGen      total 1204736K, used 107840K [0x000000076ab00000, 0x00000007bf080000, 0x00000007c0000000)
  eden space 1037824K, 0% used [0x000000076ab00000,0x000000076ab00000,0x00000007aa080000)
  from space 166912K, 64% used [0x00000007b4d80000,0x00000007bb6d01b0,0x00000007bf080000)
  to   space 172032K, 0% used [0x00000007aa080000,0x00000007aa080000,0x00000007b4880000)
 ParOldGen       total 889856K, used 719951K [0x00000006c0000000, 0x00000006f6500000, 0x000000076ab00000)
  object space 889856K, 80% used [0x00000006c0000000,0x00000006ebf13df0,0x00000006f6500000)
 Metaspace       used 150882K, capacity 176182K, committed 176344K, reserved 1198080K
  class space    used 21460K, capacity 28600K, committed 28672K, reserved 1048576K
}
Event: 82.423 GC heap before
{Heap before GC invocations=100 (full 5):
 PSYoungGen      total 1204736K, used 1145664K [0x000000076ab00000, 0x00000007bf080000, 0x00000007c0000000)
  eden space 1037824K, 100% used [0x000000076ab00000,0x00000007aa080000,0x00000007aa080000)
  from space 166912K, 64% used [0x00000007b4d80000,0x00000007bb6d01b0,0x00000007bf080000)
  to   space 172032K, 0% used [0x00000007aa080000,0x00000007aa080000,0x00000007b4880000)
 ParOldGen       total 889856K, used 719951K [0x00000006c0000000, 0x00000006f6500000, 0x000000076ab00000)
  object space 889856K, 80% used [0x00000006c0000000,0x00000006ebf13df0,0x00000006f6500000)
 Metaspace       used 150883K, capacity 176182K, committed 176344K, reserved 1198080K
  class space    used 21460K, capacity 28600K, committed 28672K, reserved 1048576K
Event: 82.448 GC heap after
Heap after GC invocations=100 (full 5):
 PSYoungGen      total 1209856K, used 107728K [0x000000076ab00000, 0x00000007bfc00000, 0x00000007c0000000)
  eden space 1037824K, 0% used [0x000000076ab00000,0x000000076ab00000,0x00000007aa080000)
  from space 172032K, 62% used [0x00000007aa080000,0x00000007b09b4140,0x00000007b4880000)
  to   space 167424K, 0% used [0x00000007b5880000,0x00000007b5880000,0x00000007bfc00000)
 ParOldGen       total 889856K, used 720031K [0x00000006c0000000, 0x00000006f6500000, 0x000000076ab00000)
  object space 889856K, 80% used [0x00000006c0000000,0x00000006ebf27df0,0x00000006f6500000)
 Metaspace       used 150883K, capacity 176182K, committed 176344K, reserved 1198080K
  class space    used 21460K, capacity 28600K, committed 28672K, reserved 1048576K
}
Event: 82.816 GC heap before
{Heap before GC invocations=101 (full 5):
 PSYoungGen      total 1209856K, used 1145552K [0x000000076ab00000, 0x00000007bfc00000, 0x00000007c0000000)
  eden space 1037824K, 100% used [0x000000076ab00000,0x00000007aa080000,0x00000007aa080000)
  from space 172032K, 62% used [0x00000007aa080000,0x00000007b09b4140,0x00000007b4880000)
  to   space 167424K, 0% used [0x00000007b5880000,0x00000007b5880000,0x00000007bfc00000)
 ParOldGen       total 889856K, used 720031K [0x00000006c0000000, 0x00000006f6500000, 0x000000076ab00000)
  object space 889856K, 80% used [0x00000006c0000000,0x00000006ebf27df0,0x00000006f6500000)
 Metaspace       used 150883K, capacity 176182K, committed 176344K, reserved 1198080K
  class space    used 21460K, capacity 28600K, committed 28672K, reserved 1048576K
Event: 82.841 GC heap after
Heap after GC invocations=101 (full 5):
 PSYoungGen      total 1216000K, used 107784K [0x000000076ab00000, 0x00000007bf280000, 0x00000007c0000000)
  eden space 1058304K, 0% used [0x000000076ab00000,0x000000076ab00000,0x00000007ab480000)
  from space 157696K, 68% used [0x00000007b5880000,0x00000007bc1c22e8,0x00000007bf280000)
  to   space 162816K, 0% used [0x00000007ab480000,0x00000007ab480000,0x00000007b5380000)
 ParOldGen       total 889856K, used 720103K [0x00000006c0000000, 0x00000006f6500000, 0x000000076ab00000)
  object space 889856K, 80% used [0x00000006c0000000,0x00000006ebf39df0,0x00000006f6500000)
 Metaspace       used 150883K, capacity 176182K, committed 176344K, reserved 1198080K
  class space    used 21460K, capacity 28600K, committed 28672K, reserved 1048576K
}
Event: 84.118 GC heap before
{Heap before GC invocations=102 (full 5):
 PSYoungGen      total 1216000K, used 1166088K [0x000000076ab00000, 0x00000007bf280000, 0x00000007c0000000)
  eden space 1058304K, 100% used [0x000000076ab00000,0x00000007ab480000,0x00000007ab480000)
  from space 157696K, 68% used [0x00000007b5880000,0x00000007bc1c22e8,0x00000007bf280000)
  to   space 162816K, 0% used [0x00000007ab480000,0x00000007ab480000,0x00000007b5380000)
 ParOldGen       total 889856K, used 720103K [0x00000006c0000000, 0x00000006f6500000, 0x000000076ab00000)
  object space 889856K, 80% used [0x00000006c0000000,0x00000006ebf39df0,0x00000006f6500000)
 Metaspace       used 152703K, capacity 178434K, committed 178648K, reserved 1200128K
  class space    used 21716K, capacity 28922K, committed 28928K, reserved 1048576K
Event: 84.147 GC heap after
Heap after GC invocations=102 (full 5):
 PSYoungGen      total 1221120K, used 111689K [0x000000076ab00000, 0x00000007c0000000, 0x00000007c0000000)
  eden space 1058304K, 0% used [0x000000076ab00000,0x000000076ab00000,0x00000007ab480000)
  from space 162816K, 68% used [0x00000007ab480000,0x00000007b21925a8,0x00000007b5380000)
  to   space 160256K, 0% used [0x00000007b6380000,0x00000007b6380000,0x00000007c0000000)
 ParOldGen       total 889856K, used 720175K [0x00000006c0000000, 0x00000006f6500000, 0x000000076ab00000)
  object space 889856K, 80% used [0x00000006c0000000,0x00000006ebf4bdf0,0x00000006f6500000)
 Metaspace       used 152703K, capacity 178434K, committed 178648K, reserved 1200128K
  class space    used 21716K, capacity 28922K, committed 28928K, reserved 1048576K
}

