# JRE version: OpenJDK Runtime Environment (8.0_242-b08) (build 1.8.0_242-b08)
# Java VM: OpenJDK 64-Bit Server VM (25.242-b08 mixed mode windows-amd64 compressed oops)
Heap:
 garbage-first heap   total 6389760K, used 4267308K [0x00000005c0000000, 0x00000005c2000618, 0x00000007c0000000)
  region size 32768K, 96 young (3145728K), 2 survivors (65536K)
 Metaspace       used 162190K, capacity 190291K, committed 190512K, reserved 1210368K
  class space    used 22925K, capacity 30549K, committed 30648K, reserved 1048576K
GC Heap History (10 events):
Event: 71.557 GC heap before
{Heap before GC invocations=84 (full 0):
 garbage-first heap   total 6389760K, used 3064596K [0x00000005c0000000, 0x00000005c2000618, 0x00000007c0000000)
  region size 32768K, 71 young (2326528K), 3 survivors (98304K)
 Metaspace       used 149258K, capacity 174199K, committed 174512K, reserved 1196032K
  class space    used 21465K, capacity 28619K, committed 28728K, reserved 1048576K
Event: 71.620 GC heap after
Heap after GC invocations=85 (full 0):
 garbage-first heap   total 6389760K, used 993856K [0x00000005c0000000, 0x00000005c2000618, 0x00000007c0000000)
  region size 32768K, 7 young (229376K), 7 survivors (229376K)
 Metaspace       used 149258K, capacity 174199K, committed 174512K, reserved 1196032K
  class space    used 21465K, capacity 28619K, committed 28728K, reserved 1048576K
}
Event: 74.658 GC heap before
{Heap before GC invocations=85 (full 0):
 garbage-first heap   total 6389760K, used 2042432K [0x00000005c0000000, 0x00000005c2000618, 0x00000007c0000000)
  region size 32768K, 39 young (1277952K), 7 survivors (229376K)
 Metaspace       used 156594K, capacity 183245K, committed 183472K, reserved 1202176K
  class space    used 22521K, capacity 29984K, committed 30008K, reserved 1048576K
Event: 74.734 GC heap after
Heap after GC invocations=86 (full 0):
 garbage-first heap   total 6389760K, used 1129674K [0x00000005c0000000, 0x00000005c2000618, 0x00000007c0000000)
  region size 32768K, 5 young (163840K), 5 survivors (163840K)
 Metaspace       used 156594K, capacity 183245K, committed 183472K, reserved 1202176K
  class space    used 22521K, capacity 29984K, committed 30008K, reserved 1048576K
}
Event: 374.846 GC heap before
{Heap before GC invocations=86 (full 0):
 garbage-first heap   total 6389760K, used 2243786K [0x00000005c0000000, 0x00000005c2000618, 0x00000007c0000000)
  region size 32768K, 39 young (1277952K), 5 survivors (163840K)
 Metaspace       used 159535K, capacity 186945K, committed 187056K, reserved 1206272K
  class space    used 22695K, capacity 30232K, committed 30264K, reserved 1048576K
Event: 374.878 GC heap after
Heap after GC invocations=87 (full 0):
 garbage-first heap   total 6389760K, used 1247913K [0x00000005c0000000, 0x00000005c2000618, 0x00000007c0000000)
  region size 32768K, 3 young (98304K), 3 survivors (98304K)
 Metaspace       used 159535K, capacity 186945K, committed 187056K, reserved 1206272K
  class space    used 22695K, capacity 30232K, committed 30264K, reserved 1048576K
}
Event: 545.354 GC heap before
{Heap before GC invocations=87 (full 0):
 garbage-first heap   total 6389760K, used 3541673K [0x00000005c0000000, 0x00000005c2000618, 0x00000007c0000000)
  region size 32768K, 73 young (2392064K), 3 survivors (98304K)
 Metaspace       used 162008K, capacity 190041K, committed 190128K, reserved 1208320K
  class space    used 22895K, capacity 30508K, committed 30520K, reserved 1048576K
Event: 545.376 GC heap after
Heap after GC invocations=88 (full 0):
 garbage-first heap   total 6389760K, used 1213746K [0x00000005c0000000, 0x00000005c2000618, 0x00000007c0000000)
  region size 32768K, 2 young (65536K), 2 survivors (65536K)
 Metaspace       used 162008K, capacity 190041K, committed 190128K, reserved 1208320K
  class space    used 22895K, capacity 30508K, committed 30520K, reserved 1048576K
}
Event: 996.536 GC heap before
{Heap before GC invocations=88 (full 0):
 garbage-first heap   total 6389760K, used 4588850K [0x00000005c0000000, 0x00000005c2000618, 0x00000007c0000000)
  region size 32768K, 105 young (3440640K), 2 survivors (65536K)
 Metaspace       used 162050K, capacity 190133K, committed 190384K, reserved 1210368K
  class space    used 22899K, capacity 30512K, committed 30520K, reserved 1048576K
Event: 996.549 GC heap after
Heap after GC invocations=89 (full 0):
 garbage-first heap   total 6389760K, used 1219884K [0x00000005c0000000, 0x00000005c2000618, 0x00000007c0000000)
  region size 32768K, 2 young (65536K), 2 survivors (65536K)
 Metaspace       used 162050K, capacity 190133K, committed 190384K, reserved 1210368K
  class space    used 22899K, capacity 30512K, committed 30520K, reserved 1048576K
}

